D:\vs\MSBuild\Microsoft\VC\v170\Microsoft.CppBuild.targets(1119,5): warning MSB8027: 名为 final.cpp 的两个或更多文件将生成到同一位置的输出。这会导致错误的生成结果。   调用的文件是 final.cpp, source\final.cpp。
  final.cpp
D:\final\final.cpp(61,17): warning C4244: “=”: 从“double”转换到“float”，可能丢失数据
D:\final\final.cpp(62,17): warning C4244: “=”: 从“double”转换到“float”，可能丢失数据
D:\final\final.cpp(66,19): warning C4244: “初始化”: 从“double”转换到“float”，可能丢失数据
D:\final\final.cpp(67,19): warning C4244: “初始化”: 从“double”转换到“float”，可能丢失数据
D:\final\final.cpp(68,13): warning C4244: “=”: 从“double”转换到“float”，可能丢失数据
D:\final\final.cpp(69,13): warning C4244: “=”: 从“double”转换到“float”，可能丢失数据
D:\final\final.cpp(260,55): warning C4244: “参数”: 从“double”转换到“GLfloat”，可能丢失数据
D:\final\final.cpp(261,55): warning C4244: “参数”: 从“double”转换到“GLfloat”，可能丢失数据
D:\final\final.cpp(262,55): warning C4244: “参数”: 从“double”转换到“GLfloat”，可能丢失数据
D:\final\final.cpp(263,55): warning C4244: “参数”: 从“double”转换到“GLfloat”，可能丢失数据
D:\final\final.cpp(281,55): warning C4244: “参数”: 从“double”转换到“GLfloat”，可能丢失数据
D:\final\final.cpp(282,55): warning C4244: “参数”: 从“double”转换到“GLfloat”，可能丢失数据
D:\final\final.cpp(283,55): warning C4244: “参数”: 从“double”转换到“GLfloat”，可能丢失数据
D:\final\final.cpp(284,55): warning C4244: “参数”: 从“double”转换到“GLfloat”，可能丢失数据
D:\final\final.cpp(301,55): warning C4244: “参数”: 从“double”转换到“GLfloat”，可能丢失数据
D:\final\final.cpp(302,55): warning C4244: “参数”: 从“double”转换到“GLfloat”，可能丢失数据
D:\final\final.cpp(303,55): warning C4244: “参数”: 从“double”转换到“GLfloat”，可能丢失数据
D:\final\final.cpp(304,55): warning C4244: “参数”: 从“double”转换到“GLfloat”，可能丢失数据
D:\final\final.cpp(322,55): warning C4244: “参数”: 从“double”转换到“GLfloat”，可能丢失数据
D:\final\final.cpp(323,55): warning C4244: “参数”: 从“double”转换到“GLfloat”，可能丢失数据
D:\final\final.cpp(324,55): warning C4244: “参数”: 从“double”转换到“GLfloat”，可能丢失数据
D:\final\final.cpp(325,55): warning C4244: “参数”: 从“double”转换到“GLfloat”，可能丢失数据
D:\final\final.cpp(343,55): warning C4244: “参数”: 从“double”转换到“GLfloat”，可能丢失数据
D:\final\final.cpp(344,55): warning C4244: “参数”: 从“double”转换到“GLfloat”，可能丢失数据
D:\final\final.cpp(345,55): warning C4244: “参数”: 从“double”转换到“GLfloat”，可能丢失数据
D:\final\final.cpp(346,55): warning C4244: “参数”: 从“double”转换到“GLfloat”，可能丢失数据
D:\final\final.cpp(364,55): warning C4244: “参数”: 从“double”转换到“GLfloat”，可能丢失数据
D:\final\final.cpp(365,55): warning C4244: “参数”: 从“double”转换到“GLfloat”，可能丢失数据
D:\final\final.cpp(366,55): warning C4244: “参数”: 从“double”转换到“GLfloat”，可能丢失数据
D:\final\final.cpp(367,55): warning C4244: “参数”: 从“double”转换到“GLfloat”，可能丢失数据
D:\final\final.cpp(385,55): warning C4244: “参数”: 从“double”转换到“GLfloat”，可能丢失数据
D:\final\final.cpp(386,55): warning C4244: “参数”: 从“double”转换到“GLfloat”，可能丢失数据
D:\final\final.cpp(387,55): warning C4244: “参数”: 从“double”转换到“GLfloat”，可能丢失数据
D:\final\final.cpp(388,55): warning C4244: “参数”: 从“double”转换到“GLfloat”，可能丢失数据
D:\final\final.cpp(406,55): warning C4244: “参数”: 从“double”转换到“GLfloat”，可能丢失数据
D:\final\final.cpp(407,55): warning C4244: “参数”: 从“double”转换到“GLfloat”，可能丢失数据
D:\final\final.cpp(408,55): warning C4244: “参数”: 从“double”转换到“GLfloat”，可能丢失数据
D:\final\final.cpp(409,55): warning C4244: “参数”: 从“double”转换到“GLfloat”，可能丢失数据
  final.cpp
  正在生成代码...
final\x64\Debug\final.obj : warning LNK4042: 对象被多次指定；已忽略多余的指定
  final.vcxproj -> D:\final\x64\Debug\final.exe
  'pwsh.exe' 不是内部或外部命令，也不是可运行的程序
  或批处理文件。
