d:\final\final\x64\debug\vc143.pdb
d:\final\final\x64\debug\vc143.idb
d:\final\final\x64\debug\word.obj
d:\final\final\x64\debug\tree.obj
d:\final\final\x64\debug\texture.obj
d:\final\final\x64\debug\snow.obj
d:\final\final\x64\debug\skybox.obj
d:\final\final\x64\debug\shader_utils.obj
d:\final\final\x64\debug\shader.obj
d:\final\final\x64\debug\rock.obj
d:\final\final\x64\debug\particle.obj
d:\final\final\x64\debug\model.obj
d:\final\final\x64\debug\grass.obj
d:\final\final\x64\debug\final.obj
d:\final\final\x64\debug\stb_image.obj
d:\final\x64\debug\freeglutd.dll
d:\final\x64\debug\final.exe
d:\final\x64\debug\final.pdb
d:\final\final\x64\debug\final.ilk
d:\final\final\x64\debug\final.tlog\cl.command.1.tlog
d:\final\final\x64\debug\final.tlog\cl.items.tlog
d:\final\final\x64\debug\final.tlog\cl.read.1.tlog
d:\final\final\x64\debug\final.tlog\cl.write.1.tlog
d:\final\final\x64\debug\final.tlog\final.write.1u.tlog
d:\final\final\x64\debug\final.tlog\link.command.1.tlog
d:\final\final\x64\debug\final.tlog\link.read.1.tlog
d:\final\final\x64\debug\final.tlog\link.secondary.1.tlog
d:\final\final\x64\debug\final.tlog\link.write.1.tlog
